<?xml version="1.0" encoding="UTF-8"?>
<testsuite xmlns:xsi="http://www.w3.org/2001/XMLSchema-instance" xsi:noNamespaceSchemaLocation="https://maven.apache.org/surefire/maven-surefire-plugin/xsd/surefire-test-report.xsd" name="cpu_scheduler.app.AppTest" time="0.107" tests="4" errors="0" skipped="0" failures="0">
  <properties>
[...]
</properties>
  <testcase name="multiply_FourTimesTwo_ReturnsEight" classname="cpu_scheduler.app.AppTest" time="0.005"/>
  <testcase name="divide_TenDividedTwo_ReturnsFive" classname="cpu_scheduler.app.AppTest" time="0"/>
  <testcase name="shouldAnswerWithTrue" classname="cpu_scheduler.app.AppTest" time="0"/>
  <testcase name="add_TwoPlusTwo_ReturnsFour" classname="cpu_scheduler.app.AppTest" time="0"/>
</testsuite>